{
    "C:\\Users\\Asus\\Desktop\\react\\rss-react\\src\\App.tsx": {
        "path": "C:\\Users\\Asus\\Desktop\\react\\rss-react\\src\\App.tsx",
        "all": false,
        "statementMap": {
            "0": { "start": { "line": 1, "column": 0 }, "end": { "line": 1, "column": 50 } },
            "1": { "start": { "line": 2, "column": 0 }, "end": { "line": 2, "column": 39 } },
            "2": { "start": { "line": 3, "column": 0 }, "end": { "line": 3, "column": 33 } },
            "3": { "start": { "line": 4, "column": 0 }, "end": { "line": 4, "column": 63 } },
            "4": { "start": { "line": 5, "column": 0 }, "end": { "line": 5, "column": 34 } },
            "5": { "start": { "line": 6, "column": 0 }, "end": { "line": 6, "column": 19 } },
            "6": { "start": { "line": 7, "column": 0 }, "end": { "line": 7, "column": 48 } },
            "8": { "start": { "line": 9, "column": 0 }, "end": { "line": 9, "column": 31 } },
            "9": { "start": { "line": 10, "column": 0 }, "end": { "line": 10, "column": 73 } },
            "11": { "start": { "line": 12, "column": 0 }, "end": { "line": 12, "column": 31 } },
            "12": { "start": { "line": 13, "column": 0 }, "end": { "line": 13, "column": 43 } },
            "13": { "start": { "line": 14, "column": 0 }, "end": { "line": 14, "column": 40 } },
            "14": { "start": { "line": 15, "column": 0 }, "end": { "line": 15, "column": 16 } },
            "15": { "start": { "line": 16, "column": 0 }, "end": { "line": 16, "column": 41 } },
            "16": { "start": { "line": 17, "column": 0 }, "end": { "line": 17, "column": 9 } },
            "17": { "start": { "line": 18, "column": 0 }, "end": { "line": 18, "column": 6 } },
            "19": { "start": { "line": 20, "column": 0 }, "end": { "line": 20, "column": 12 } },
            "20": { "start": { "line": 21, "column": 0 }, "end": { "line": 21, "column": 32 } },
            "21": { "start": { "line": 22, "column": 0 }, "end": { "line": 22, "column": 49 } },
            "22": { "start": { "line": 23, "column": 0 }, "end": { "line": 23, "column": 59 } },
            "23": { "start": { "line": 24, "column": 0 }, "end": { "line": 24, "column": 107 } },
            "24": { "start": { "line": 25, "column": 0 }, "end": { "line": 25, "column": 66 } },
            "25": { "start": { "line": 26, "column": 0 }, "end": { "line": 26, "column": 29 } },
            "26": { "start": { "line": 27, "column": 0 }, "end": { "line": 27, "column": 54 } },
            "27": { "start": { "line": 28, "column": 0 }, "end": { "line": 28, "column": 22 } },
            "28": { "start": { "line": 29, "column": 0 }, "end": { "line": 29, "column": 36 } },
            "29": { "start": { "line": 30, "column": 0 }, "end": { "line": 30, "column": 19 } },
            "31": { "start": { "line": 32, "column": 0 }, "end": { "line": 32, "column": 1 } }
        },
        "s": {
            "0": 1,
            "1": 1,
            "2": 1,
            "3": 1,
            "4": 1,
            "5": 1,
            "6": 1,
            "8": 2,
            "9": 2,
            "11": 2,
            "12": 1,
            "13": 1,
            "14": 1,
            "15": 0,
            "16": 0,
            "17": 1,
            "19": 2,
            "20": 2,
            "21": 2,
            "22": 2,
            "23": 2,
            "24": 2,
            "25": 2,
            "26": 2,
            "27": 2,
            "28": 2,
            "29": 2,
            "31": 2
        },
        "branchMap": {
            "0": {
                "type": "branch",
                "line": 9,
                "loc": { "start": { "line": 9, "column": 0 }, "end": { "line": 32, "column": 1 } },
                "locations": [{ "start": { "line": 9, "column": 0 }, "end": { "line": 32, "column": 1 } }]
            },
            "1": {
                "type": "branch",
                "line": 25,
                "loc": { "start": { "line": 25, "column": 48 }, "end": { "line": 25, "column": 62 } },
                "locations": [{ "start": { "line": 25, "column": 48 }, "end": { "line": 25, "column": 62 } }]
            },
            "2": {
                "type": "branch",
                "line": 25,
                "loc": { "start": { "line": 25, "column": 56 }, "end": { "line": 25, "column": 66 } },
                "locations": [{ "start": { "line": 25, "column": 56 }, "end": { "line": 25, "column": 66 } }]
            },
            "3": {
                "type": "branch",
                "line": 12,
                "loc": { "start": { "line": 12, "column": 24 }, "end": { "line": 18, "column": 6 } },
                "locations": [{ "start": { "line": 12, "column": 24 }, "end": { "line": 18, "column": 6 } }]
            },
            "4": {
                "type": "branch",
                "line": 15,
                "loc": { "start": { "line": 15, "column": 8 }, "end": { "line": 17, "column": 9 } },
                "locations": [{ "start": { "line": 15, "column": 8 }, "end": { "line": 17, "column": 9 } }]
            }
        },
        "b": { "0": [2], "1": [1], "2": [1], "3": [1], "4": [0] },
        "fnMap": {
            "0": {
                "name": "App",
                "decl": { "start": { "line": 9, "column": 0 }, "end": { "line": 32, "column": 1 } },
                "loc": { "start": { "line": 9, "column": 0 }, "end": { "line": 32, "column": 1 } },
                "line": 9
            },
            "1": {
                "name": "changeTheme",
                "decl": { "start": { "line": 12, "column": 24 }, "end": { "line": 18, "column": 6 } },
                "loc": { "start": { "line": 12, "column": 24 }, "end": { "line": 18, "column": 6 } },
                "line": 12
            }
        },
        "f": { "0": 2, "1": 1 }
    },
    "C:\\Users\\Asus\\Desktop\\react\\rss-react\\src\\Page\\NotFoundPage\\NotFoundPage.tsx": {
        "path": "C:\\Users\\Asus\\Desktop\\react\\rss-react\\src\\Page\\NotFoundPage\\NotFoundPage.tsx",
        "all": false,
        "statementMap": {
            "0": { "start": { "line": 1, "column": 0 }, "end": { "line": 1, "column": 43 } },
            "1": { "start": { "line": 2, "column": 0 }, "end": { "line": 2, "column": 28 } },
            "3": { "start": { "line": 4, "column": 0 }, "end": { "line": 4, "column": 40 } },
            "4": { "start": { "line": 5, "column": 0 }, "end": { "line": 5, "column": 35 } },
            "6": { "start": { "line": 7, "column": 0 }, "end": { "line": 7, "column": 12 } },
            "7": { "start": { "line": 8, "column": 0 }, "end": { "line": 8, "column": 40 } },
            "8": { "start": { "line": 9, "column": 0 }, "end": { "line": 9, "column": 80 } },
            "9": { "start": { "line": 10, "column": 0 }, "end": { "line": 10, "column": 70 } },
            "11": { "start": { "line": 12, "column": 0 }, "end": { "line": 12, "column": 21 } },
            "12": { "start": { "line": 13, "column": 0 }, "end": { "line": 13, "column": 14 } },
            "14": { "start": { "line": 15, "column": 0 }, "end": { "line": 15, "column": 1 } }
        },
        "s": { "0": 1, "1": 1, "3": 3, "4": 3, "6": 3, "7": 3, "8": 3, "9": 3, "11": 3, "12": 3, "14": 3 },
        "branchMap": {
            "0": {
                "type": "branch",
                "line": 4,
                "loc": { "start": { "line": 4, "column": 0 }, "end": { "line": 15, "column": 1 } },
                "locations": [{ "start": { "line": 4, "column": 0 }, "end": { "line": 15, "column": 1 } }]
            }
        },
        "b": { "0": [3] },
        "fnMap": {
            "0": {
                "name": "NotFoundPage",
                "decl": { "start": { "line": 4, "column": 0 }, "end": { "line": 15, "column": 1 } },
                "loc": { "start": { "line": 4, "column": 0 }, "end": { "line": 15, "column": 1 } },
                "line": 4
            },
            "1": {
                "name": "onClick",
                "decl": { "start": { "line": 10, "column": 43 }, "end": { "line": 10, "column": 70 } },
                "loc": { "start": { "line": 10, "column": 43 }, "end": { "line": 10, "column": 70 } },
                "line": 10
            }
        },
        "f": { "0": 3, "1": 0 }
    },
    "C:\\Users\\Asus\\Desktop\\react\\rss-react\\src\\Page\\SearchPage\\SearchPage.tsx": {
        "path": "C:\\Users\\Asus\\Desktop\\react\\rss-react\\src\\Page\\SearchPage\\SearchPage.tsx",
        "all": false,
        "statementMap": {
            "0": { "start": { "line": 1, "column": 0 }, "end": { "line": 1, "column": 59 } },
            "1": { "start": { "line": 2, "column": 0 }, "end": { "line": 2, "column": 42 } },
            "2": { "start": { "line": 3, "column": 0 }, "end": { "line": 3, "column": 73 } },
            "3": { "start": { "line": 4, "column": 0 }, "end": { "line": 4, "column": 73 } },
            "4": { "start": { "line": 5, "column": 0 }, "end": { "line": 5, "column": 26 } },
            "5": { "start": { "line": 6, "column": 0 }, "end": { "line": 6, "column": 53 } },
            "6": { "start": { "line": 7, "column": 0 }, "end": { "line": 7, "column": 64 } },
            "7": { "start": { "line": 8, "column": 0 }, "end": { "line": 8, "column": 73 } },
            "11": { "start": { "line": 12, "column": 0 }, "end": { "line": 12, "column": 38 } },
            "12": { "start": { "line": 13, "column": 0 }, "end": { "line": 13, "column": 45 } },
            "13": { "start": { "line": 14, "column": 0 }, "end": { "line": 14, "column": 59 } },
            "14": { "start": { "line": 15, "column": 0 }, "end": { "line": 15, "column": 107 } },
            "16": { "start": { "line": 17, "column": 0 }, "end": { "line": 17, "column": 12 } },
            "17": { "start": { "line": 18, "column": 0 }, "end": { "line": 18, "column": 42 } },
            "18": { "start": { "line": 19, "column": 0 }, "end": { "line": 19, "column": 29 } },
            "19": { "start": { "line": 20, "column": 0 }, "end": { "line": 20, "column": 46 } },
            "20": { "start": { "line": 21, "column": 0 }, "end": { "line": 21, "column": 33 } },
            "21": { "start": { "line": 22, "column": 0 }, "end": { "line": 22, "column": 63 } },
            "22": { "start": { "line": 23, "column": 0 }, "end": { "line": 23, "column": 18 } },
            "23": { "start": { "line": 24, "column": 0 }, "end": { "line": 24, "column": 26 } },
            "24": { "start": { "line": 25, "column": 0 }, "end": { "line": 25, "column": 97 } },
            "25": { "start": { "line": 26, "column": 0 }, "end": { "line": 26, "column": 14 } },
            "27": { "start": { "line": 28, "column": 0 }, "end": { "line": 28, "column": 1 } }
        },
        "s": {
            "0": 1,
            "1": 1,
            "2": 1,
            "3": 1,
            "4": 1,
            "5": 1,
            "6": 1,
            "7": 1,
            "11": 7,
            "12": 7,
            "13": 7,
            "14": 7,
            "16": 7,
            "17": 7,
            "18": 7,
            "19": 7,
            "20": 7,
            "21": 7,
            "22": 7,
            "23": 7,
            "24": 7,
            "25": 7,
            "27": 7
        },
        "branchMap": {
            "0": {
                "type": "branch",
                "line": 12,
                "loc": { "start": { "line": 12, "column": 0 }, "end": { "line": 28, "column": 1 } },
                "locations": [{ "start": { "line": 12, "column": 0 }, "end": { "line": 28, "column": 1 } }]
            },
            "1": {
                "type": "branch",
                "line": 22,
                "loc": { "start": { "line": 22, "column": 34 }, "end": { "line": 22, "column": 57 } },
                "locations": [{ "start": { "line": 22, "column": 34 }, "end": { "line": 22, "column": 57 } }]
            },
            "2": {
                "type": "branch",
                "line": 25,
                "loc": { "start": { "line": 25, "column": 40 }, "end": { "line": 25, "column": 97 } },
                "locations": [{ "start": { "line": 25, "column": 40 }, "end": { "line": 25, "column": 97 } }]
            },
            "3": {
                "type": "branch",
                "line": 15,
                "loc": { "start": { "line": 15, "column": 54 }, "end": { "line": 15, "column": 105 } },
                "locations": [{ "start": { "line": 15, "column": 54 }, "end": { "line": 15, "column": 105 } }]
            }
        },
        "b": { "0": [7], "1": [0], "2": [0], "3": [4] },
        "fnMap": {
            "0": {
                "name": "SearchPage",
                "decl": { "start": { "line": 12, "column": 0 }, "end": { "line": 28, "column": 1 } },
                "loc": { "start": { "line": 12, "column": 0 }, "end": { "line": 28, "column": 1 } },
                "line": 12
            }
        },
        "f": { "0": 7 }
    },
    "C:\\Users\\Asus\\Desktop\\react\\rss-react\\src\\components\\Card\\Card.tsx": {
        "path": "C:\\Users\\Asus\\Desktop\\react\\rss-react\\src\\components\\Card\\Card.tsx",
        "all": false,
        "statementMap": {
            "0": { "start": { "line": 1, "column": 0 }, "end": { "line": 1, "column": 43 } },
            "1": { "start": { "line": 2, "column": 0 }, "end": { "line": 2, "column": 55 } },
            "4": { "start": { "line": 5, "column": 0 }, "end": { "line": 5, "column": 20 } },
            "5": { "start": { "line": 6, "column": 0 }, "end": { "line": 6, "column": 91 } },
            "13": { "start": { "line": 14, "column": 0 }, "end": { "line": 14, "column": 68 } },
            "14": { "start": { "line": 15, "column": 0 }, "end": { "line": 15, "column": 35 } },
            "15": { "start": { "line": 16, "column": 0 }, "end": { "line": 16, "column": 105 } },
            "17": { "start": { "line": 18, "column": 0 }, "end": { "line": 18, "column": 30 } },
            "18": { "start": { "line": 19, "column": 0 }, "end": { "line": 19, "column": 83 } },
            "19": { "start": { "line": 20, "column": 0 }, "end": { "line": 20, "column": 6 } },
            "21": { "start": { "line": 22, "column": 0 }, "end": { "line": 22, "column": 72 } },
            "22": { "start": { "line": 23, "column": 0 }, "end": { "line": 23, "column": 32 } },
            "23": { "start": { "line": 24, "column": 0 }, "end": { "line": 24, "column": 63 } },
            "24": { "start": { "line": 25, "column": 0 }, "end": { "line": 25, "column": 27 } },
            "25": { "start": { "line": 26, "column": 0 }, "end": { "line": 26, "column": 53 } },
            "26": { "start": { "line": 27, "column": 0 }, "end": { "line": 27, "column": 37 } },
            "27": { "start": { "line": 28, "column": 0 }, "end": { "line": 28, "column": 16 } },
            "28": { "start": { "line": 29, "column": 0 }, "end": { "line": 29, "column": 46 } },
            "29": { "start": { "line": 30, "column": 0 }, "end": { "line": 30, "column": 36 } },
            "30": { "start": { "line": 31, "column": 0 }, "end": { "line": 31, "column": 9 } },
            "31": { "start": { "line": 32, "column": 0 }, "end": { "line": 32, "column": 6 } },
            "33": { "start": { "line": 34, "column": 0 }, "end": { "line": 34, "column": 12 } },
            "34": { "start": { "line": 35, "column": 0 }, "end": { "line": 35, "column": 46 } },
            "35": { "start": { "line": 36, "column": 0 }, "end": { "line": 36, "column": 18 } },
            "36": { "start": { "line": 37, "column": 0 }, "end": { "line": 37, "column": 47 } },
            "37": { "start": { "line": 38, "column": 0 }, "end": { "line": 38, "column": 31 } },
            "38": { "start": { "line": 39, "column": 0 }, "end": { "line": 39, "column": 61 } },
            "39": { "start": { "line": 40, "column": 0 }, "end": { "line": 40, "column": 38 } },
            "40": { "start": { "line": 41, "column": 0 }, "end": { "line": 41, "column": 14 } },
            "41": { "start": { "line": 42, "column": 0 }, "end": { "line": 42, "column": 63 } },
            "42": { "start": { "line": 43, "column": 0 }, "end": { "line": 43, "column": 111 } },
            "44": { "start": { "line": 45, "column": 0 }, "end": { "line": 45, "column": 22 } },
            "45": { "start": { "line": 46, "column": 0 }, "end": { "line": 46, "column": 14 } },
            "47": { "start": { "line": 48, "column": 0 }, "end": { "line": 48, "column": 1 } }
        },
        "s": {
            "0": 1,
            "1": 1,
            "4": 1,
            "5": 1,
            "13": 14,
            "14": 14,
            "15": 14,
            "17": 14,
            "18": 16,
            "19": 16,
            "21": 14,
            "22": 2,
            "23": 2,
            "24": 2,
            "25": 1,
            "26": 1,
            "27": 1,
            "28": 1,
            "29": 1,
            "30": 1,
            "31": 2,
            "33": 14,
            "34": 14,
            "35": 14,
            "36": 14,
            "37": 14,
            "38": 14,
            "39": 14,
            "40": 14,
            "41": 14,
            "42": 14,
            "44": 14,
            "45": 14,
            "47": 14
        },
        "branchMap": {
            "0": {
                "type": "branch",
                "line": 14,
                "loc": { "start": { "line": 14, "column": 0 }, "end": { "line": 48, "column": 1 } },
                "locations": [{ "start": { "line": 14, "column": 0 }, "end": { "line": 48, "column": 1 } }]
            },
            "1": {
                "type": "branch",
                "line": 16,
                "loc": { "start": { "line": 16, "column": 52 }, "end": { "line": 16, "column": 103 } },
                "locations": [{ "start": { "line": 16, "column": 52 }, "end": { "line": 16, "column": 103 } }]
            },
            "2": {
                "type": "branch",
                "line": 18,
                "loc": { "start": { "line": 18, "column": 23 }, "end": { "line": 20, "column": 6 } },
                "locations": [{ "start": { "line": 18, "column": 23 }, "end": { "line": 20, "column": 6 } }]
            },
            "3": {
                "type": "branch",
                "line": 19,
                "loc": { "start": { "line": 19, "column": 39 }, "end": { "line": 19, "column": 74 } },
                "locations": [{ "start": { "line": 19, "column": 39 }, "end": { "line": 19, "column": 74 } }]
            },
            "4": {
                "type": "branch",
                "line": 22,
                "loc": { "start": { "line": 22, "column": 29 }, "end": { "line": 32, "column": 6 } },
                "locations": [{ "start": { "line": 22, "column": 29 }, "end": { "line": 32, "column": 6 } }]
            },
            "5": {
                "type": "branch",
                "line": 25,
                "loc": { "start": { "line": 25, "column": 26 }, "end": { "line": 31, "column": 9 } },
                "locations": [{ "start": { "line": 25, "column": 26 }, "end": { "line": 31, "column": 9 } }]
            },
            "6": {
                "type": "branch",
                "line": 39,
                "loc": { "start": { "line": 39, "column": 26 }, "end": { "line": 39, "column": 61 } },
                "locations": [{ "start": { "line": 39, "column": 26 }, "end": { "line": 39, "column": 61 } }]
            }
        },
        "b": { "0": [14], "1": [29], "2": [16], "3": [2], "4": [2], "5": [1], "6": [2] },
        "fnMap": {
            "0": {
                "name": "Card",
                "decl": { "start": { "line": 14, "column": 0 }, "end": { "line": 48, "column": 1 } },
                "loc": { "start": { "line": 14, "column": 0 }, "end": { "line": 48, "column": 1 } },
                "line": 14
            },
            "1": {
                "name": "isSelected",
                "decl": { "start": { "line": 18, "column": 23 }, "end": { "line": 20, "column": 6 } },
                "loc": { "start": { "line": 18, "column": 23 }, "end": { "line": 20, "column": 6 } },
                "line": 18
            },
            "2": {
                "name": "checkCardHandler",
                "decl": { "start": { "line": 22, "column": 29 }, "end": { "line": 32, "column": 6 } },
                "loc": { "start": { "line": 22, "column": 29 }, "end": { "line": 32, "column": 6 } },
                "line": 22
            },
            "3": {
                "name": "onChange",
                "decl": { "start": { "line": 39, "column": 26 }, "end": { "line": 39, "column": 61 } },
                "loc": { "start": { "line": 39, "column": 26 }, "end": { "line": 39, "column": 61 } },
                "line": 39
            }
        },
        "f": { "0": 14, "1": 16, "2": 2, "3": 2 }
    },
    "C:\\Users\\Asus\\Desktop\\react\\rss-react\\src\\components\\CardDetail\\CardDetail.tsx": {
        "path": "C:\\Users\\Asus\\Desktop\\react\\rss-react\\src\\components\\CardDetail\\CardDetail.tsx",
        "all": false,
        "statementMap": {
            "0": { "start": { "line": 1, "column": 0 }, "end": { "line": 1, "column": 54 } },
            "1": { "start": { "line": 2, "column": 0 }, "end": { "line": 2, "column": 51 } },
            "2": { "start": { "line": 3, "column": 0 }, "end": { "line": 3, "column": 55 } },
            "3": { "start": { "line": 4, "column": 0 }, "end": { "line": 4, "column": 46 } },
            "4": { "start": { "line": 5, "column": 0 }, "end": { "line": 5, "column": 38 } },
            "5": { "start": { "line": 6, "column": 0 }, "end": { "line": 6, "column": 26 } },
            "6": { "start": { "line": 7, "column": 0 }, "end": { "line": 7, "column": 97 } },
            "7": { "start": { "line": 8, "column": 0 }, "end": { "line": 8, "column": 70 } },
            "8": { "start": { "line": 9, "column": 0 }, "end": { "line": 9, "column": 79 } },
            "12": { "start": { "line": 13, "column": 0 }, "end": { "line": 13, "column": 38 } },
            "13": { "start": { "line": 14, "column": 0 }, "end": { "line": 14, "column": 55 } },
            "14": { "start": { "line": 15, "column": 0 }, "end": { "line": 15, "column": 35 } },
            "15": { "start": { "line": 16, "column": 0 }, "end": { "line": 16, "column": 45 } },
            "16": { "start": { "line": 17, "column": 0 }, "end": { "line": 17, "column": 59 } },
            "17": { "start": { "line": 18, "column": 0 }, "end": { "line": 18, "column": 75 } },
            "18": { "start": { "line": 19, "column": 0 }, "end": { "line": 19, "column": 35 } },
            "19": { "start": { "line": 20, "column": 0 }, "end": { "line": 20, "column": 116 } },
            "20": { "start": { "line": 21, "column": 0 }, "end": { "line": 21, "column": 57 } },
            "22": { "start": { "line": 23, "column": 0 }, "end": { "line": 23, "column": 21 } },
            "23": { "start": { "line": 24, "column": 0 }, "end": { "line": 24, "column": 46 } },
            "24": { "start": { "line": 25, "column": 0 }, "end": { "line": 25, "column": 59 } },
            "25": { "start": { "line": 26, "column": 0 }, "end": { "line": 26, "column": 9 } },
            "26": { "start": { "line": 27, "column": 0 }, "end": { "line": 27, "column": 35 } },
            "28": { "start": { "line": 29, "column": 0 }, "end": { "line": 29, "column": 37 } },
            "29": { "start": { "line": 30, "column": 0 }, "end": { "line": 30, "column": 48 } },
            "30": { "start": { "line": 31, "column": 0 }, "end": { "line": 31, "column": 36 } },
            "31": { "start": { "line": 32, "column": 0 }, "end": { "line": 32, "column": 6 } },
            "33": { "start": { "line": 34, "column": 0 }, "end": { "line": 34, "column": 21 } },
            "34": { "start": { "line": 35, "column": 0 }, "end": { "line": 35, "column": 26 } },
            "35": { "start": { "line": 36, "column": 0 }, "end": { "line": 36, "column": 5 } },
            "37": { "start": { "line": 38, "column": 0 }, "end": { "line": 38, "column": 18 } },
            "38": { "start": { "line": 39, "column": 0 }, "end": { "line": 39, "column": 52 } },
            "39": { "start": { "line": 40, "column": 0 }, "end": { "line": 40, "column": 5 } },
            "41": { "start": { "line": 42, "column": 0 }, "end": { "line": 42, "column": 28 } },
            "42": { "start": { "line": 43, "column": 0 }, "end": { "line": 43, "column": 92 } },
            "43": { "start": { "line": 44, "column": 0 }, "end": { "line": 44, "column": 16 } },
            "44": { "start": { "line": 45, "column": 0 }, "end": { "line": 45, "column": 62 } },
            "45": { "start": { "line": 46, "column": 0 }, "end": { "line": 46, "column": 45 } },
            "46": { "start": { "line": 47, "column": 0 }, "end": { "line": 47, "column": 35 } },
            "47": { "start": { "line": 48, "column": 0 }, "end": { "line": 48, "column": 39 } },
            "48": { "start": { "line": 49, "column": 0 }, "end": { "line": 49, "column": 70 } },
            "49": { "start": { "line": 50, "column": 0 }, "end": { "line": 50, "column": 70 } },
            "50": { "start": { "line": 51, "column": 0 }, "end": { "line": 51, "column": 57 } },
            "51": { "start": { "line": 52, "column": 0 }, "end": { "line": 52, "column": 59 } },
            "52": { "start": { "line": 53, "column": 0 }, "end": { "line": 53, "column": 59 } },
            "53": { "start": { "line": 54, "column": 0 }, "end": { "line": 54, "column": 22 } },
            "54": { "start": { "line": 55, "column": 0 }, "end": { "line": 55, "column": 109 } },
            "56": { "start": { "line": 57, "column": 0 }, "end": { "line": 57, "column": 25 } },
            "57": { "start": { "line": 58, "column": 0 }, "end": { "line": 58, "column": 18 } },
            "59": { "start": { "line": 60, "column": 0 }, "end": { "line": 60, "column": 5 } },
            "60": { "start": { "line": 61, "column": 0 }, "end": { "line": 61, "column": 1 } }
        },
        "s": {
            "0": 1,
            "1": 1,
            "2": 1,
            "3": 1,
            "4": 1,
            "5": 1,
            "6": 1,
            "7": 1,
            "8": 1,
            "12": 12,
            "13": 12,
            "14": 12,
            "15": 12,
            "16": 12,
            "17": 12,
            "18": 12,
            "19": 12,
            "20": 12,
            "22": 12,
            "23": 5,
            "24": 0,
            "25": 0,
            "26": 12,
            "28": 12,
            "29": 1,
            "30": 1,
            "31": 1,
            "33": 12,
            "34": 8,
            "35": 8,
            "37": 12,
            "38": 1,
            "39": 1,
            "41": 12,
            "42": 2,
            "43": 2,
            "44": 2,
            "45": 2,
            "46": 2,
            "47": 2,
            "48": 2,
            "49": 2,
            "50": 2,
            "51": 2,
            "52": 2,
            "53": 2,
            "54": 2,
            "56": 2,
            "57": 2,
            "59": 2,
            "60": 12
        },
        "branchMap": {
            "0": {
                "type": "branch",
                "line": 13,
                "loc": { "start": { "line": 13, "column": 0 }, "end": { "line": 61, "column": 1 } },
                "locations": [{ "start": { "line": 13, "column": 0 }, "end": { "line": 61, "column": 1 } }]
            },
            "1": {
                "type": "branch",
                "line": 34,
                "loc": { "start": { "line": 34, "column": 20 }, "end": { "line": 36, "column": 5 } },
                "locations": [{ "start": { "line": 34, "column": 20 }, "end": { "line": 36, "column": 5 } }]
            },
            "2": {
                "type": "branch",
                "line": 36,
                "loc": { "start": { "line": 36, "column": 4 }, "end": { "line": 38, "column": 17 } },
                "locations": [{ "start": { "line": 36, "column": 4 }, "end": { "line": 38, "column": 17 } }]
            },
            "3": {
                "type": "branch",
                "line": 38,
                "loc": { "start": { "line": 38, "column": 17 }, "end": { "line": 40, "column": 5 } },
                "locations": [{ "start": { "line": 38, "column": 17 }, "end": { "line": 40, "column": 5 } }]
            },
            "4": {
                "type": "branch",
                "line": 40,
                "loc": { "start": { "line": 40, "column": 4 }, "end": { "line": 42, "column": 27 } },
                "locations": [{ "start": { "line": 40, "column": 4 }, "end": { "line": 42, "column": 27 } }]
            },
            "5": {
                "type": "branch",
                "line": 42,
                "loc": { "start": { "line": 42, "column": 27 }, "end": { "line": 60, "column": 5 } },
                "locations": [{ "start": { "line": 42, "column": 27 }, "end": { "line": 60, "column": 5 } }]
            },
            "6": {
                "type": "branch",
                "line": 20,
                "loc": { "start": { "line": 20, "column": 61 }, "end": { "line": 20, "column": 114 } },
                "locations": [{ "start": { "line": 20, "column": 61 }, "end": { "line": 20, "column": 114 } }]
            },
            "7": {
                "type": "branch",
                "line": 23,
                "loc": { "start": { "line": 23, "column": 14 }, "end": { "line": 27, "column": 7 } },
                "locations": [{ "start": { "line": 23, "column": 14 }, "end": { "line": 27, "column": 7 } }]
            },
            "8": {
                "type": "branch",
                "line": 24,
                "loc": { "start": { "line": 24, "column": 24 }, "end": { "line": 24, "column": 45 } },
                "locations": [{ "start": { "line": 24, "column": 24 }, "end": { "line": 24, "column": 45 } }]
            },
            "9": {
                "type": "branch",
                "line": 24,
                "loc": { "start": { "line": 24, "column": 45 }, "end": { "line": 26, "column": 9 } },
                "locations": [{ "start": { "line": 24, "column": 45 }, "end": { "line": 26, "column": 9 } }]
            },
            "10": {
                "type": "branch",
                "line": 29,
                "loc": { "start": { "line": 29, "column": 30 }, "end": { "line": 32, "column": 6 } },
                "locations": [{ "start": { "line": 29, "column": 30 }, "end": { "line": 32, "column": 6 } }]
            }
        },
        "b": {
            "0": [12],
            "1": [8],
            "2": [4],
            "3": [1],
            "4": [3],
            "5": [2],
            "6": [24],
            "7": [5],
            "8": [2],
            "9": [0],
            "10": [1]
        },
        "fnMap": {
            "0": {
                "name": "CardDetail",
                "decl": { "start": { "line": 13, "column": 0 }, "end": { "line": 61, "column": 1 } },
                "loc": { "start": { "line": 13, "column": 0 }, "end": { "line": 61, "column": 1 } },
                "line": 13
            },
            "1": {
                "name": "clickCloseHandler",
                "decl": { "start": { "line": 29, "column": 30 }, "end": { "line": 32, "column": 6 } },
                "loc": { "start": { "line": 29, "column": 30 }, "end": { "line": 32, "column": 6 } },
                "line": 29
            }
        },
        "f": { "0": 12, "1": 1 }
    },
    "C:\\Users\\Asus\\Desktop\\react\\rss-react\\src\\components\\ErrorBounder\\ErrorBounder.tsx": {
        "path": "C:\\Users\\Asus\\Desktop\\react\\rss-react\\src\\components\\ErrorBounder\\ErrorBounder.tsx",
        "all": false,
        "statementMap": {
            "0": { "start": { "line": 1, "column": 0 }, "end": { "line": 1, "column": 45 } },
            "2": { "start": { "line": 3, "column": 0 }, "end": { "line": 3, "column": 120 } },
            "3": { "start": { "line": 4, "column": 0 }, "end": { "line": 4, "column": 49 } },
            "4": { "start": { "line": 5, "column": 0 }, "end": { "line": 5, "column": 21 } },
            "5": { "start": { "line": 6, "column": 0 }, "end": { "line": 6, "column": 22 } },
            "6": { "start": { "line": 7, "column": 0 }, "end": { "line": 7, "column": 28 } },
            "7": { "start": { "line": 8, "column": 0 }, "end": { "line": 8, "column": 26 } },
            "8": { "start": { "line": 9, "column": 0 }, "end": { "line": 9, "column": 10 } },
            "9": { "start": { "line": 10, "column": 0 }, "end": { "line": 10, "column": 5 } },
            "11": { "start": { "line": 12, "column": 0 }, "end": { "line": 12, "column": 39 } },
            "12": { "start": { "line": 13, "column": 0 }, "end": { "line": 13, "column": 34 } },
            "13": { "start": { "line": 14, "column": 0 }, "end": { "line": 14, "column": 5 } },
            "15": { "start": { "line": 16, "column": 0 }, "end": { "line": 16, "column": 37 } },
            "16": { "start": { "line": 17, "column": 0 }, "end": { "line": 17, "column": 55 } },
            "17": { "start": { "line": 18, "column": 0 }, "end": { "line": 18, "column": 5 } },
            "19": { "start": { "line": 20, "column": 0 }, "end": { "line": 20, "column": 25 } },
            "20": { "start": { "line": 21, "column": 0 }, "end": { "line": 21, "column": 40 } },
            "21": { "start": { "line": 22, "column": 0 }, "end": { "line": 22, "column": 51 } },
            "22": { "start": { "line": 23, "column": 0 }, "end": { "line": 23, "column": 23 } },
            "23": { "start": { "line": 24, "column": 0 }, "end": { "line": 24, "column": 80 } },
            "24": { "start": { "line": 25, "column": 0 }, "end": { "line": 25, "column": 9 } },
            "25": { "start": { "line": 26, "column": 0 }, "end": { "line": 26, "column": 24 } },
            "26": { "start": { "line": 27, "column": 0 }, "end": { "line": 27, "column": 5 } },
            "27": { "start": { "line": 28, "column": 0 }, "end": { "line": 28, "column": 1 } }
        },
        "s": {
            "0": 1,
            "2": 1,
            "3": 1,
            "4": 2,
            "5": 2,
            "6": 2,
            "7": 2,
            "8": 2,
            "9": 2,
            "11": 1,
            "12": 2,
            "13": 2,
            "15": 1,
            "16": 1,
            "17": 1,
            "19": 1,
            "20": 4,
            "21": 4,
            "22": 4,
            "23": 3,
            "24": 3,
            "25": 1,
            "26": 4,
            "27": 1
        },
        "branchMap": {
            "0": {
                "type": "branch",
                "line": 4,
                "loc": { "start": { "line": 4, "column": 4 }, "end": { "line": 10, "column": 5 } },
                "locations": [{ "start": { "line": 4, "column": 4 }, "end": { "line": 10, "column": 5 } }]
            },
            "1": {
                "type": "branch",
                "line": 12,
                "loc": { "start": { "line": 12, "column": 11 }, "end": { "line": 14, "column": 5 } },
                "locations": [{ "start": { "line": 12, "column": 11 }, "end": { "line": 14, "column": 5 } }]
            },
            "2": {
                "type": "branch",
                "line": 16,
                "loc": { "start": { "line": 16, "column": 4 }, "end": { "line": 18, "column": 5 } },
                "locations": [{ "start": { "line": 16, "column": 4 }, "end": { "line": 18, "column": 5 } }]
            },
            "3": {
                "type": "branch",
                "line": 20,
                "loc": { "start": { "line": 20, "column": 4 }, "end": { "line": 27, "column": 5 } },
                "locations": [{ "start": { "line": 20, "column": 4 }, "end": { "line": 27, "column": 5 } }]
            },
            "4": {
                "type": "branch",
                "line": 23,
                "loc": { "start": { "line": 23, "column": 22 }, "end": { "line": 25, "column": 9 } },
                "locations": [{ "start": { "line": 23, "column": 22 }, "end": { "line": 25, "column": 9 } }]
            },
            "5": {
                "type": "branch",
                "line": 25,
                "loc": { "start": { "line": 25, "column": 8 }, "end": { "line": 26, "column": 24 } },
                "locations": [{ "start": { "line": 25, "column": 8 }, "end": { "line": 26, "column": 24 } }]
            }
        },
        "b": { "0": [2], "1": [2], "2": [1], "3": [4], "4": [3], "5": [1] },
        "fnMap": {
            "0": {
                "name": "ErrorBounder",
                "decl": { "start": { "line": 4, "column": 4 }, "end": { "line": 10, "column": 5 } },
                "loc": { "start": { "line": 4, "column": 4 }, "end": { "line": 10, "column": 5 } },
                "line": 4
            },
            "1": {
                "name": "getDerivedStateFromError",
                "decl": { "start": { "line": 12, "column": 11 }, "end": { "line": 14, "column": 5 } },
                "loc": { "start": { "line": 12, "column": 11 }, "end": { "line": 14, "column": 5 } },
                "line": 12
            },
            "2": {
                "name": "componentDidCatch",
                "decl": { "start": { "line": 16, "column": 4 }, "end": { "line": 18, "column": 5 } },
                "loc": { "start": { "line": 16, "column": 4 }, "end": { "line": 18, "column": 5 } },
                "line": 16
            },
            "3": {
                "name": "render",
                "decl": { "start": { "line": 20, "column": 4 }, "end": { "line": 27, "column": 5 } },
                "loc": { "start": { "line": 20, "column": 4 }, "end": { "line": 27, "column": 5 } },
                "line": 20
            }
        },
        "f": { "0": 2, "1": 2, "2": 1, "3": 4 }
    },
    "C:\\Users\\Asus\\Desktop\\react\\rss-react\\src\\components\\ErrorButton\\ErrorButton.tsx": {
        "path": "C:\\Users\\Asus\\Desktop\\react\\rss-react\\src\\components\\ErrorButton\\ErrorButton.tsx",
        "all": false,
        "statementMap": {
            "0": { "start": { "line": 1, "column": 0 }, "end": { "line": 1, "column": 33 } },
            "7": { "start": { "line": 8, "column": 0 }, "end": { "line": 8, "column": 66 } },
            "8": { "start": { "line": 9, "column": 0 }, "end": { "line": 9, "column": 52 } },
            "9": { "start": { "line": 10, "column": 0 }, "end": { "line": 10, "column": 31 } },
            "10": { "start": { "line": 11, "column": 0 }, "end": { "line": 11, "column": 26 } },
            "11": { "start": { "line": 12, "column": 0 }, "end": { "line": 12, "column": 6 } },
            "12": { "start": { "line": 13, "column": 0 }, "end": { "line": 13, "column": 19 } },
            "13": { "start": { "line": 14, "column": 0 }, "end": { "line": 14, "column": 62 } },
            "14": { "start": { "line": 15, "column": 0 }, "end": { "line": 15, "column": 5 } },
            "15": { "start": { "line": 16, "column": 0 }, "end": { "line": 16, "column": 12 } },
            "16": { "start": { "line": 17, "column": 0 }, "end": { "line": 17, "column": 95 } },
            "18": { "start": { "line": 19, "column": 0 }, "end": { "line": 19, "column": 17 } },
            "20": { "start": { "line": 21, "column": 0 }, "end": { "line": 21, "column": 1 } }
        },
        "s": {
            "0": 1,
            "7": 20,
            "8": 20,
            "9": 20,
            "10": 2,
            "11": 2,
            "12": 20,
            "13": 8,
            "14": 8,
            "15": 11,
            "16": 11,
            "18": 11,
            "20": 11
        },
        "branchMap": {
            "0": {
                "type": "branch",
                "line": 8,
                "loc": { "start": { "line": 8, "column": 0 }, "end": { "line": 21, "column": 1 } },
                "locations": [{ "start": { "line": 8, "column": 0 }, "end": { "line": 21, "column": 1 } }]
            },
            "1": {
                "type": "branch",
                "line": 13,
                "loc": { "start": { "line": 13, "column": 18 }, "end": { "line": 21, "column": 1 } },
                "locations": [{ "start": { "line": 13, "column": 18 }, "end": { "line": 21, "column": 1 } }]
            },
            "2": {
                "type": "branch",
                "line": 13,
                "loc": { "start": { "line": 13, "column": 18 }, "end": { "line": 15, "column": 5 } },
                "locations": [{ "start": { "line": 13, "column": 18 }, "end": { "line": 15, "column": 5 } }]
            },
            "3": {
                "type": "branch",
                "line": 10,
                "loc": { "start": { "line": 10, "column": 24 }, "end": { "line": 12, "column": 6 } },
                "locations": [{ "start": { "line": 10, "column": 24 }, "end": { "line": 12, "column": 6 } }]
            }
        },
        "b": { "0": [20], "1": [11], "2": [8], "3": [2] },
        "fnMap": {
            "0": {
                "name": "ErrorButton",
                "decl": { "start": { "line": 8, "column": 0 }, "end": { "line": 21, "column": 1 } },
                "loc": { "start": { "line": 8, "column": 0 }, "end": { "line": 21, "column": 1 } },
                "line": 8
            },
            "1": {
                "name": "handleClick",
                "decl": { "start": { "line": 10, "column": 24 }, "end": { "line": 12, "column": 6 } },
                "loc": { "start": { "line": 10, "column": 24 }, "end": { "line": 12, "column": 6 } },
                "line": 10
            }
        },
        "f": { "0": 20, "1": 2 }
    },
    "C:\\Users\\Asus\\Desktop\\react\\rss-react\\src\\components\\Loader\\Loader.tsx": {
        "path": "C:\\Users\\Asus\\Desktop\\react\\rss-react\\src\\components\\Loader\\Loader.tsx",
        "all": false,
        "statementMap": {
            "0": { "start": { "line": 1, "column": 0 }, "end": { "line": 1, "column": 35 } },
            "1": { "start": { "line": 2, "column": 0 }, "end": { "line": 2, "column": 67 } },
            "2": { "start": { "line": 3, "column": 0 }, "end": { "line": 3, "column": 22 } },
            "4": { "start": { "line": 5, "column": 0 }, "end": { "line": 5, "column": 34 } },
            "5": { "start": { "line": 6, "column": 0 }, "end": { "line": 6, "column": 57 } },
            "7": { "start": { "line": 8, "column": 0 }, "end": { "line": 8, "column": 70 } },
            "8": { "start": { "line": 9, "column": 0 }, "end": { "line": 9, "column": 1 } }
        },
        "s": { "0": 1, "1": 1, "2": 1, "4": 17, "5": 17, "7": 17, "8": 17 },
        "branchMap": {
            "0": {
                "type": "branch",
                "line": 5,
                "loc": { "start": { "line": 5, "column": 0 }, "end": { "line": 9, "column": 1 } },
                "locations": [{ "start": { "line": 5, "column": 0 }, "end": { "line": 9, "column": 1 } }]
            }
        },
        "b": { "0": [17] },
        "fnMap": {
            "0": {
                "name": "Loader",
                "decl": { "start": { "line": 5, "column": 0 }, "end": { "line": 9, "column": 1 } },
                "loc": { "start": { "line": 5, "column": 0 }, "end": { "line": 9, "column": 1 } },
                "line": 5
            }
        },
        "f": { "0": 17 }
    },
    "C:\\Users\\Asus\\Desktop\\react\\rss-react\\src\\components\\Pagination\\Pagination.tsx": {
        "path": "C:\\Users\\Asus\\Desktop\\react\\rss-react\\src\\components\\Pagination\\Pagination.tsx",
        "all": false,
        "statementMap": {
            "0": { "start": { "line": 1, "column": 0 }, "end": { "line": 1, "column": 43 } },
            "1": { "start": { "line": 2, "column": 0 }, "end": { "line": 2, "column": 55 } },
            "2": { "start": { "line": 3, "column": 0 }, "end": { "line": 3, "column": 46 } },
            "4": { "start": { "line": 5, "column": 0 }, "end": { "line": 5, "column": 26 } },
            "6": { "start": { "line": 7, "column": 0 }, "end": { "line": 7, "column": 77 } },
            "7": { "start": { "line": 8, "column": 0 }, "end": { "line": 8, "column": 69 } },
            "8": { "start": { "line": 9, "column": 0 }, "end": { "line": 9, "column": 67 } },
            "10": { "start": { "line": 11, "column": 0 }, "end": { "line": 11, "column": 38 } },
            "11": { "start": { "line": 12, "column": 0 }, "end": { "line": 12, "column": 35 } },
            "12": { "start": { "line": 13, "column": 0 }, "end": { "line": 13, "column": 89 } },
            "13": { "start": { "line": 14, "column": 0 }, "end": { "line": 14, "column": 68 } },
            "14": { "start": { "line": 15, "column": 0 }, "end": { "line": 15, "column": 35 } },
            "15": { "start": { "line": 16, "column": 0 }, "end": { "line": 16, "column": 57 } },
            "17": { "start": { "line": 18, "column": 0 }, "end": { "line": 18, "column": 21 } },
            "18": { "start": { "line": 19, "column": 0 }, "end": { "line": 19, "column": 34 } },
            "19": { "start": { "line": 20, "column": 0 }, "end": { "line": 20, "column": 80 } },
            "20": { "start": { "line": 21, "column": 0 }, "end": { "line": 21, "column": 9 } },
            "21": { "start": { "line": 22, "column": 0 }, "end": { "line": 22, "column": 37 } },
            "23": { "start": { "line": 24, "column": 0 }, "end": { "line": 24, "column": 36 } },
            "24": { "start": { "line": 25, "column": 0 }, "end": { "line": 25, "column": 46 } },
            "25": { "start": { "line": 26, "column": 0 }, "end": { "line": 26, "column": 65 } },
            "26": { "start": { "line": 27, "column": 0 }, "end": { "line": 27, "column": 9 } },
            "27": { "start": { "line": 28, "column": 0 }, "end": { "line": 28, "column": 6 } },
            "29": { "start": { "line": 30, "column": 0 }, "end": { "line": 30, "column": 36 } },
            "30": { "start": { "line": 31, "column": 0 }, "end": { "line": 31, "column": 45 } },
            "31": { "start": { "line": 32, "column": 0 }, "end": { "line": 32, "column": 65 } },
            "32": { "start": { "line": 33, "column": 0 }, "end": { "line": 33, "column": 9 } },
            "33": { "start": { "line": 34, "column": 0 }, "end": { "line": 34, "column": 6 } },
            "35": { "start": { "line": 36, "column": 0 }, "end": { "line": 36, "column": 12 } },
            "36": { "start": { "line": 37, "column": 0 }, "end": { "line": 37, "column": 36 } },
            "37": { "start": { "line": 38, "column": 0 }, "end": { "line": 38, "column": 19 } },
            "38": { "start": { "line": 39, "column": 0 }, "end": { "line": 39, "column": 29 } },
            "39": { "start": { "line": 40, "column": 0 }, "end": { "line": 40, "column": 50 } },
            "40": { "start": { "line": 41, "column": 0 }, "end": { "line": 41, "column": 42 } },
            "41": { "start": { "line": 42, "column": 0 }, "end": { "line": 42, "column": 45 } },
            "42": { "start": { "line": 43, "column": 0 }, "end": { "line": 43, "column": 13 } },
            "44": { "start": { "line": 45, "column": 0 }, "end": { "line": 45, "column": 21 } },
            "45": { "start": { "line": 46, "column": 0 }, "end": { "line": 46, "column": 19 } },
            "46": { "start": { "line": 47, "column": 0 }, "end": { "line": 47, "column": 29 } },
            "47": { "start": { "line": 48, "column": 0 }, "end": { "line": 48, "column": 50 } },
            "48": { "start": { "line": 49, "column": 0 }, "end": { "line": 49, "column": 42 } },
            "49": { "start": { "line": 50, "column": 0 }, "end": { "line": 50, "column": 44 } },
            "50": { "start": { "line": 51, "column": 0 }, "end": { "line": 51, "column": 13 } },
            "52": { "start": { "line": 53, "column": 0 }, "end": { "line": 53, "column": 21 } },
            "53": { "start": { "line": 54, "column": 0 }, "end": { "line": 54, "column": 14 } },
            "55": { "start": { "line": 56, "column": 0 }, "end": { "line": 56, "column": 1 } }
        },
        "s": {
            "0": 1,
            "1": 1,
            "2": 1,
            "4": 1,
            "6": 1,
            "7": 1,
            "8": 1,
            "10": 6,
            "11": 6,
            "12": 6,
            "13": 6,
            "14": 6,
            "15": 6,
            "17": 6,
            "18": 3,
            "19": 0,
            "20": 0,
            "21": 6,
            "23": 6,
            "24": 1,
            "25": 1,
            "26": 1,
            "27": 1,
            "29": 6,
            "30": 1,
            "31": 1,
            "32": 1,
            "33": 1,
            "35": 6,
            "36": 6,
            "37": 6,
            "38": 6,
            "39": 6,
            "40": 6,
            "41": 6,
            "42": 6,
            "44": 6,
            "45": 6,
            "46": 6,
            "47": 6,
            "48": 6,
            "49": 6,
            "50": 6,
            "52": 6,
            "53": 6,
            "55": 6
        },
        "branchMap": {
            "0": {
                "type": "branch",
                "line": 11,
                "loc": { "start": { "line": 11, "column": 0 }, "end": { "line": 56, "column": 1 } },
                "locations": [{ "start": { "line": 11, "column": 0 }, "end": { "line": 56, "column": 1 } }]
            },
            "1": {
                "type": "branch",
                "line": 13,
                "loc": { "start": { "line": 13, "column": 43 }, "end": { "line": 13, "column": 87 } },
                "locations": [{ "start": { "line": 13, "column": 43 }, "end": { "line": 13, "column": 87 } }]
            },
            "2": {
                "type": "branch",
                "line": 18,
                "loc": { "start": { "line": 18, "column": 14 }, "end": { "line": 22, "column": 7 } },
                "locations": [{ "start": { "line": 18, "column": 14 }, "end": { "line": 22, "column": 7 } }]
            },
            "3": {
                "type": "branch",
                "line": 19,
                "loc": { "start": { "line": 19, "column": 33 }, "end": { "line": 21, "column": 9 } },
                "locations": [{ "start": { "line": 19, "column": 33 }, "end": { "line": 21, "column": 9 } }]
            },
            "4": {
                "type": "branch",
                "line": 24,
                "loc": { "start": { "line": 24, "column": 29 }, "end": { "line": 28, "column": 6 } },
                "locations": [{ "start": { "line": 24, "column": 29 }, "end": { "line": 28, "column": 6 } }]
            },
            "5": {
                "type": "branch",
                "line": 30,
                "loc": { "start": { "line": 30, "column": 29 }, "end": { "line": 34, "column": 6 } },
                "locations": [{ "start": { "line": 30, "column": 29 }, "end": { "line": 34, "column": 6 } }]
            }
        },
        "b": { "0": [6], "1": [14], "2": [3], "3": [0], "4": [1], "5": [1] },
        "fnMap": {
            "0": {
                "name": "Pagination",
                "decl": { "start": { "line": 11, "column": 0 }, "end": { "line": 56, "column": 1 } },
                "loc": { "start": { "line": 11, "column": 0 }, "end": { "line": 56, "column": 1 } },
                "line": 11
            },
            "1": {
                "name": "prevClickHandler",
                "decl": { "start": { "line": 24, "column": 29 }, "end": { "line": 28, "column": 6 } },
                "loc": { "start": { "line": 24, "column": 29 }, "end": { "line": 28, "column": 6 } },
                "line": 24
            },
            "2": {
                "name": "nextClickHandler",
                "decl": { "start": { "line": 30, "column": 29 }, "end": { "line": 34, "column": 6 } },
                "loc": { "start": { "line": 30, "column": 29 }, "end": { "line": 34, "column": 6 } },
                "line": 30
            }
        },
        "f": { "0": 6, "1": 1, "2": 1 }
    },
    "C:\\Users\\Asus\\Desktop\\react\\rss-react\\src\\components\\ResultSection\\ResultSection.tsx": {
        "path": "C:\\Users\\Asus\\Desktop\\react\\rss-react\\src\\components\\ResultSection\\ResultSection.tsx",
        "all": false,
        "statementMap": {
            "0": { "start": { "line": 1, "column": 0 }, "end": { "line": 1, "column": 41 } },
            "1": { "start": { "line": 2, "column": 0 }, "end": { "line": 2, "column": 42 } },
            "2": { "start": { "line": 3, "column": 0 }, "end": { "line": 3, "column": 35 } },
            "4": { "start": { "line": 5, "column": 0 }, "end": { "line": 5, "column": 32 } },
            "5": { "start": { "line": 6, "column": 0 }, "end": { "line": 6, "column": 38 } },
            "6": { "start": { "line": 7, "column": 0 }, "end": { "line": 7, "column": 29 } },
            "7": { "start": { "line": 8, "column": 0 }, "end": { "line": 8, "column": 73 } },
            "9": { "start": { "line": 10, "column": 0 }, "end": { "line": 10, "column": 67 } },
            "11": { "start": { "line": 12, "column": 0 }, "end": { "line": 12, "column": 41 } },
            "12": { "start": { "line": 13, "column": 0 }, "end": { "line": 13, "column": 55 } },
            "13": { "start": { "line": 14, "column": 0 }, "end": { "line": 14, "column": 93 } },
            "14": { "start": { "line": 15, "column": 0 }, "end": { "line": 15, "column": 62 } },
            "15": { "start": { "line": 16, "column": 0 }, "end": { "line": 16, "column": 26 } },
            "16": { "start": { "line": 17, "column": 0 }, "end": { "line": 17, "column": 35 } },
            "17": { "start": { "line": 18, "column": 0 }, "end": { "line": 18, "column": 7 } },
            "18": { "start": { "line": 19, "column": 0 }, "end": { "line": 19, "column": 91 } },
            "19": { "start": { "line": 20, "column": 0 }, "end": { "line": 20, "column": 57 } },
            "21": { "start": { "line": 22, "column": 0 }, "end": { "line": 22, "column": 21 } },
            "22": { "start": { "line": 23, "column": 0 }, "end": { "line": 23, "column": 26 } },
            "23": { "start": { "line": 24, "column": 0 }, "end": { "line": 24, "column": 5 } },
            "25": { "start": { "line": 26, "column": 0 }, "end": { "line": 26, "column": 18 } },
            "26": { "start": { "line": 27, "column": 0 }, "end": { "line": 27, "column": 52 } },
            "27": { "start": { "line": 28, "column": 0 }, "end": { "line": 28, "column": 5 } },
            "29": { "start": { "line": 30, "column": 0 }, "end": { "line": 30, "column": 12 } },
            "30": { "start": { "line": 31, "column": 0 }, "end": { "line": 31, "column": 40 } },
            "31": { "start": { "line": 32, "column": 0 }, "end": { "line": 32, "column": 44 } },
            "32": { "start": { "line": 33, "column": 0 }, "end": { "line": 33, "column": 42 } },
            "33": { "start": { "line": 34, "column": 0 }, "end": { "line": 34, "column": 104 } },
            "34": { "start": { "line": 35, "column": 0 }, "end": { "line": 35, "column": 20 } },
            "35": { "start": { "line": 36, "column": 0 }, "end": { "line": 36, "column": 59 } },
            "36": { "start": { "line": 37, "column": 0 }, "end": { "line": 37, "column": 14 } },
            "38": { "start": { "line": 39, "column": 0 }, "end": { "line": 39, "column": 1 } }
        },
        "s": {
            "0": 1,
            "1": 1,
            "2": 1,
            "4": 1,
            "5": 1,
            "6": 1,
            "7": 1,
            "9": 1,
            "11": 11,
            "12": 11,
            "13": 11,
            "14": 11,
            "15": 11,
            "16": 11,
            "17": 11,
            "18": 11,
            "19": 11,
            "21": 11,
            "22": 8,
            "23": 8,
            "25": 8,
            "26": 0,
            "27": 0,
            "29": 2,
            "30": 2,
            "31": 2,
            "32": 1,
            "33": 9,
            "34": 1,
            "35": 1,
            "36": 11,
            "38": 11
        },
        "branchMap": {
            "0": {
                "type": "branch",
                "line": 12,
                "loc": { "start": { "line": 12, "column": 0 }, "end": { "line": 39, "column": 1 } },
                "locations": [{ "start": { "line": 12, "column": 0 }, "end": { "line": 39, "column": 1 } }]
            },
            "1": {
                "type": "branch",
                "line": 22,
                "loc": { "start": { "line": 22, "column": 20 }, "end": { "line": 32, "column": 44 } },
                "locations": [{ "start": { "line": 22, "column": 20 }, "end": { "line": 32, "column": 44 } }]
            },
            "2": {
                "type": "branch",
                "line": 24,
                "loc": { "start": { "line": 24, "column": 4 }, "end": { "line": 26, "column": 17 } },
                "locations": [{ "start": { "line": 24, "column": 4 }, "end": { "line": 26, "column": 17 } }]
            },
            "3": {
                "type": "branch",
                "line": 26,
                "loc": { "start": { "line": 26, "column": 17 }, "end": { "line": 28, "column": 5 } },
                "locations": [{ "start": { "line": 26, "column": 17 }, "end": { "line": 28, "column": 5 } }]
            },
            "4": {
                "type": "branch",
                "line": 28,
                "loc": { "start": { "line": 28, "column": 4 }, "end": { "line": 32, "column": 44 } },
                "locations": [{ "start": { "line": 28, "column": 4 }, "end": { "line": 32, "column": 44 } }]
            },
            "5": {
                "type": "branch",
                "line": 32,
                "loc": { "start": { "line": 32, "column": 43 }, "end": { "line": 35, "column": 20 } },
                "locations": [{ "start": { "line": 32, "column": 43 }, "end": { "line": 35, "column": 20 } }]
            },
            "6": {
                "type": "branch",
                "line": 35,
                "loc": { "start": { "line": 35, "column": 19 }, "end": { "line": 36, "column": 59 } },
                "locations": [{ "start": { "line": 35, "column": 19 }, "end": { "line": 36, "column": 59 } }]
            },
            "7": {
                "type": "branch",
                "line": 14,
                "loc": { "start": { "line": 14, "column": 44 }, "end": { "line": 14, "column": 91 } },
                "locations": [{ "start": { "line": 14, "column": 44 }, "end": { "line": 14, "column": 91 } }]
            },
            "8": {
                "type": "branch",
                "line": 19,
                "loc": { "start": { "line": 19, "column": 46 }, "end": { "line": 19, "column": 89 } },
                "locations": [{ "start": { "line": 19, "column": 46 }, "end": { "line": 19, "column": 89 } }]
            },
            "9": {
                "type": "branch",
                "line": 33,
                "loc": { "start": { "line": 33, "column": 30 }, "end": { "line": 35, "column": 19 } },
                "locations": [{ "start": { "line": 33, "column": 30 }, "end": { "line": 35, "column": 19 } }]
            }
        },
        "b": { "0": [11], "1": [8], "2": [2], "3": [0], "4": [2], "5": [1], "6": [1], "7": [19], "8": [19], "9": [9] },
        "fnMap": {
            "0": {
                "name": "ResultSection",
                "decl": { "start": { "line": 12, "column": 0 }, "end": { "line": 39, "column": 1 } },
                "loc": { "start": { "line": 12, "column": 0 }, "end": { "line": 39, "column": 1 } },
                "line": 12
            }
        },
        "f": { "0": 11 }
    },
    "C:\\Users\\Asus\\Desktop\\react\\rss-react\\src\\components\\SearchSection\\SearchSection.tsx": {
        "path": "C:\\Users\\Asus\\Desktop\\react\\rss-react\\src\\components\\SearchSection\\SearchSection.tsx",
        "all": false,
        "statementMap": {
            "0": { "start": { "line": 1, "column": 0 }, "end": { "line": 1, "column": 55 } },
            "1": { "start": { "line": 2, "column": 0 }, "end": { "line": 2, "column": 54 } },
            "2": { "start": { "line": 3, "column": 0 }, "end": { "line": 3, "column": 46 } },
            "3": { "start": { "line": 4, "column": 0 }, "end": { "line": 4, "column": 53 } },
            "4": { "start": { "line": 5, "column": 0 }, "end": { "line": 5, "column": 76 } },
            "5": { "start": { "line": 6, "column": 0 }, "end": { "line": 6, "column": 88 } },
            "6": { "start": { "line": 7, "column": 0 }, "end": { "line": 7, "column": 73 } },
            "7": { "start": { "line": 8, "column": 0 }, "end": { "line": 8, "column": 29 } },
            "8": { "start": { "line": 9, "column": 0 }, "end": { "line": 9, "column": 67 } },
            "11": { "start": { "line": 12, "column": 0 }, "end": { "line": 12, "column": 41 } },
            "12": { "start": { "line": 13, "column": 0 }, "end": { "line": 13, "column": 87 } },
            "13": { "start": { "line": 14, "column": 0 }, "end": { "line": 14, "column": 35 } },
            "14": { "start": { "line": 15, "column": 0 }, "end": { "line": 15, "column": 35 } },
            "15": { "start": { "line": 16, "column": 0 }, "end": { "line": 16, "column": 55 } },
            "16": { "start": { "line": 17, "column": 0 }, "end": { "line": 17, "column": 93 } },
            "17": { "start": { "line": 18, "column": 0 }, "end": { "line": 18, "column": 58 } },
            "18": { "start": { "line": 19, "column": 0 }, "end": { "line": 19, "column": 26 } },
            "19": { "start": { "line": 20, "column": 0 }, "end": { "line": 20, "column": 35 } },
            "20": { "start": { "line": 21, "column": 0 }, "end": { "line": 21, "column": 7 } },
            "21": { "start": { "line": 22, "column": 0 }, "end": { "line": 22, "column": 57 } },
            "23": { "start": { "line": 24, "column": 0 }, "end": { "line": 24, "column": 44 } },
            "24": { "start": { "line": 25, "column": 0 }, "end": { "line": 25, "column": 26 } },
            "25": { "start": { "line": 26, "column": 0 }, "end": { "line": 26, "column": 48 } },
            "26": { "start": { "line": 27, "column": 0 }, "end": { "line": 27, "column": 28 } },
            "27": { "start": { "line": 28, "column": 0 }, "end": { "line": 28, "column": 6 } },
            "29": { "start": { "line": 30, "column": 0 }, "end": { "line": 30, "column": 21 } },
            "30": { "start": { "line": 31, "column": 0 }, "end": { "line": 31, "column": 33 } },
            "31": { "start": { "line": 32, "column": 0 }, "end": { "line": 32, "column": 80 } },
            "32": { "start": { "line": 33, "column": 0 }, "end": { "line": 33, "column": 9 } },
            "33": { "start": { "line": 34, "column": 0 }, "end": { "line": 34, "column": 36 } },
            "35": { "start": { "line": 36, "column": 0 }, "end": { "line": 36, "column": 21 } },
            "36": { "start": { "line": 37, "column": 0 }, "end": { "line": 37, "column": 26 } },
            "37": { "start": { "line": 38, "column": 0 }, "end": { "line": 38, "column": 48 } },
            "38": { "start": { "line": 39, "column": 0 }, "end": { "line": 39, "column": 11 } },
            "40": { "start": { "line": 41, "column": 0 }, "end": { "line": 41, "column": 12 } },
            "41": { "start": { "line": 42, "column": 0 }, "end": { "line": 42, "column": 40 } },
            "42": { "start": { "line": 43, "column": 0 }, "end": { "line": 43, "column": 18 } },
            "43": { "start": { "line": 44, "column": 0 }, "end": { "line": 44, "column": 57 } },
            "44": { "start": { "line": 45, "column": 0 }, "end": { "line": 45, "column": 34 } },
            "45": { "start": { "line": 46, "column": 0 }, "end": { "line": 46, "column": 27 } },
            "46": { "start": { "line": 47, "column": 0 }, "end": { "line": 47, "column": 58 } },
            "47": { "start": { "line": 48, "column": 0 }, "end": { "line": 48, "column": 44 } },
            "48": { "start": { "line": 49, "column": 0 }, "end": { "line": 49, "column": 14 } },
            "49": { "start": { "line": 50, "column": 0 }, "end": { "line": 50, "column": 113 } },
            "51": { "start": { "line": 52, "column": 0 }, "end": { "line": 52, "column": 21 } },
            "52": { "start": { "line": 53, "column": 0 }, "end": { "line": 53, "column": 41 } },
            "53": { "start": { "line": 54, "column": 0 }, "end": { "line": 54, "column": 14 } },
            "55": { "start": { "line": 56, "column": 0 }, "end": { "line": 56, "column": 1 } }
        },
        "s": {
            "0": 1,
            "1": 1,
            "2": 1,
            "3": 1,
            "4": 1,
            "5": 1,
            "6": 1,
            "7": 1,
            "8": 1,
            "11": 12,
            "12": 12,
            "13": 12,
            "14": 12,
            "15": 12,
            "16": 12,
            "17": 12,
            "18": 12,
            "19": 12,
            "20": 12,
            "21": 12,
            "23": 12,
            "24": 1,
            "25": 1,
            "26": 1,
            "27": 1,
            "29": 12,
            "30": 3,
            "31": 0,
            "32": 0,
            "33": 12,
            "35": 12,
            "36": 3,
            "37": 3,
            "38": 12,
            "40": 12,
            "41": 12,
            "42": 12,
            "43": 12,
            "44": 12,
            "45": 12,
            "46": 12,
            "47": 12,
            "48": 12,
            "49": 12,
            "51": 12,
            "52": 12,
            "53": 12,
            "55": 12
        },
        "branchMap": {
            "0": {
                "type": "branch",
                "line": 12,
                "loc": { "start": { "line": 12, "column": 0 }, "end": { "line": 56, "column": 1 } },
                "locations": [{ "start": { "line": 12, "column": 0 }, "end": { "line": 56, "column": 1 } }]
            },
            "1": {
                "type": "branch",
                "line": 17,
                "loc": { "start": { "line": 17, "column": 44 }, "end": { "line": 17, "column": 91 } },
                "locations": [{ "start": { "line": 17, "column": 44 }, "end": { "line": 17, "column": 91 } }]
            },
            "2": {
                "type": "branch",
                "line": 24,
                "loc": { "start": { "line": 24, "column": 37 }, "end": { "line": 28, "column": 6 } },
                "locations": [{ "start": { "line": 24, "column": 37 }, "end": { "line": 28, "column": 6 } }]
            },
            "3": {
                "type": "branch",
                "line": 30,
                "loc": { "start": { "line": 30, "column": 14 }, "end": { "line": 34, "column": 7 } },
                "locations": [{ "start": { "line": 30, "column": 14 }, "end": { "line": 34, "column": 7 } }]
            },
            "4": {
                "type": "branch",
                "line": 31,
                "loc": { "start": { "line": 31, "column": 13 }, "end": { "line": 31, "column": 32 } },
                "locations": [{ "start": { "line": 31, "column": 13 }, "end": { "line": 31, "column": 32 } }]
            },
            "5": {
                "type": "branch",
                "line": 31,
                "loc": { "start": { "line": 31, "column": 32 }, "end": { "line": 33, "column": 9 } },
                "locations": [{ "start": { "line": 31, "column": 32 }, "end": { "line": 33, "column": 9 } }]
            },
            "6": {
                "type": "branch",
                "line": 36,
                "loc": { "start": { "line": 36, "column": 14 }, "end": { "line": 39, "column": 7 } },
                "locations": [{ "start": { "line": 36, "column": 14 }, "end": { "line": 39, "column": 7 } }]
            }
        },
        "b": { "0": [12], "1": [23], "2": [1], "3": [3], "4": [0], "5": [0], "6": [3] },
        "fnMap": {
            "0": {
                "name": "SearchSection",
                "decl": { "start": { "line": 12, "column": 0 }, "end": { "line": 56, "column": 1 } },
                "loc": { "start": { "line": 12, "column": 0 }, "end": { "line": 56, "column": 1 } },
                "line": 12
            },
            "1": {
                "name": "clickSearchButtonHandler",
                "decl": { "start": { "line": 24, "column": 37 }, "end": { "line": 28, "column": 6 } },
                "loc": { "start": { "line": 24, "column": 37 }, "end": { "line": 28, "column": 6 } },
                "line": 24
            }
        },
        "f": { "0": 12, "1": 1 }
    },
    "C:\\Users\\Asus\\Desktop\\react\\rss-react\\src\\components\\SelectedPanel\\SelectedPanel.tsx": {
        "path": "C:\\Users\\Asus\\Desktop\\react\\rss-react\\src\\components\\SelectedPanel\\SelectedPanel.tsx",
        "all": false,
        "statementMap": {
            "0": { "start": { "line": 1, "column": 0 }, "end": { "line": 1, "column": 42 } },
            "1": { "start": { "line": 2, "column": 0 }, "end": { "line": 2, "column": 35 } },
            "2": { "start": { "line": 3, "column": 0 }, "end": { "line": 3, "column": 67 } },
            "4": { "start": { "line": 5, "column": 0 }, "end": { "line": 5, "column": 29 } },
            "5": { "start": { "line": 6, "column": 0 }, "end": { "line": 6, "column": 53 } },
            "11": { "start": { "line": 12, "column": 0 }, "end": { "line": 12, "column": 80 } },
            "12": { "start": { "line": 13, "column": 0 }, "end": { "line": 13, "column": 35 } },
            "13": { "start": { "line": 14, "column": 0 }, "end": { "line": 14, "column": 43 } },
            "15": { "start": { "line": 16, "column": 0 }, "end": { "line": 16, "column": 45 } },
            "16": { "start": { "line": 17, "column": 0 }, "end": { "line": 17, "column": 32 } },
            "17": { "start": { "line": 18, "column": 0 }, "end": { "line": 18, "column": 6 } },
            "19": { "start": { "line": 20, "column": 0 }, "end": { "line": 20, "column": 37 } },
            "20": { "start": { "line": 21, "column": 0 }, "end": { "line": 21, "column": 34 } },
            "21": { "start": { "line": 22, "column": 0 }, "end": { "line": 22, "column": 61 } },
            "22": { "start": { "line": 23, "column": 0 }, "end": { "line": 23, "column": 45 } },
            "23": { "start": { "line": 24, "column": 0 }, "end": { "line": 24, "column": 55 } },
            "24": { "start": { "line": 25, "column": 0 }, "end": { "line": 25, "column": 11 } },
            "25": { "start": { "line": 26, "column": 0 }, "end": { "line": 26, "column": 44 } },
            "26": { "start": { "line": 27, "column": 0 }, "end": { "line": 27, "column": 74 } },
            "27": { "start": { "line": 28, "column": 0 }, "end": { "line": 28, "column": 49 } },
            "28": { "start": { "line": 29, "column": 0 }, "end": { "line": 29, "column": 22 } },
            "29": { "start": { "line": 30, "column": 0 }, "end": { "line": 30, "column": 6 } },
            "31": { "start": { "line": 32, "column": 0 }, "end": { "line": 32, "column": 12 } },
            "32": { "start": { "line": 33, "column": 0 }, "end": { "line": 33, "column": 57 } },
            "33": { "start": { "line": 34, "column": 0 }, "end": { "line": 34, "column": 62 } },
            "34": { "start": { "line": 35, "column": 0 }, "end": { "line": 35, "column": 51 } },
            "35": { "start": { "line": 36, "column": 0 }, "end": { "line": 36, "column": 120 } },
            "37": { "start": { "line": 38, "column": 0 }, "end": { "line": 38, "column": 25 } },
            "38": { "start": { "line": 39, "column": 0 }, "end": { "line": 39, "column": 18 } },
            "39": { "start": { "line": 40, "column": 0 }, "end": { "line": 40, "column": 64 } },
            "40": { "start": { "line": 41, "column": 0 }, "end": { "line": 41, "column": 46 } },
            "41": { "start": { "line": 42, "column": 0 }, "end": { "line": 42, "column": 70 } },
            "42": { "start": { "line": 43, "column": 0 }, "end": { "line": 43, "column": 17 } },
            "44": { "start": { "line": 45, "column": 0 }, "end": { "line": 45, "column": 20 } },
            "45": { "start": { "line": 46, "column": 0 }, "end": { "line": 46, "column": 18 } },
            "46": { "start": { "line": 47, "column": 0 }, "end": { "line": 47, "column": 14 } },
            "48": { "start": { "line": 49, "column": 0 }, "end": { "line": 49, "column": 1 } }
        },
        "s": {
            "0": 1,
            "1": 1,
            "2": 1,
            "4": 1,
            "5": 1,
            "11": 2,
            "12": 2,
            "13": 2,
            "15": 2,
            "16": 1,
            "17": 1,
            "19": 2,
            "20": 2,
            "21": 2,
            "22": 2,
            "23": 6,
            "24": 2,
            "25": 2,
            "26": 2,
            "27": 2,
            "28": 2,
            "29": 2,
            "31": 2,
            "32": 2,
            "33": 2,
            "34": 2,
            "35": 2,
            "37": 2,
            "38": 2,
            "39": 2,
            "40": 2,
            "41": 2,
            "42": 2,
            "44": 2,
            "45": 2,
            "46": 2,
            "48": 2
        },
        "branchMap": {
            "0": {
                "type": "branch",
                "line": 12,
                "loc": { "start": { "line": 12, "column": 0 }, "end": { "line": 49, "column": 1 } },
                "locations": [{ "start": { "line": 12, "column": 0 }, "end": { "line": 49, "column": 1 } }]
            },
            "1": {
                "type": "branch",
                "line": 16,
                "loc": { "start": { "line": 16, "column": 38 }, "end": { "line": 18, "column": 6 } },
                "locations": [{ "start": { "line": 16, "column": 38 }, "end": { "line": 18, "column": 6 } }]
            },
            "2": {
                "type": "branch",
                "line": 20,
                "loc": { "start": { "line": 20, "column": 30 }, "end": { "line": 30, "column": 6 } },
                "locations": [{ "start": { "line": 20, "column": 30 }, "end": { "line": 30, "column": 6 } }]
            },
            "3": {
                "type": "branch",
                "line": 23,
                "loc": { "start": { "line": 23, "column": 32 }, "end": { "line": 25, "column": 9 } },
                "locations": [{ "start": { "line": 23, "column": 32 }, "end": { "line": 25, "column": 9 } }]
            }
        },
        "b": { "0": [2], "1": [1], "2": [2], "3": [6] },
        "fnMap": {
            "0": {
                "name": "SelectedPanel",
                "decl": { "start": { "line": 12, "column": 0 }, "end": { "line": 49, "column": 1 } },
                "loc": { "start": { "line": 12, "column": 0 }, "end": { "line": 49, "column": 1 } },
                "line": 12
            },
            "1": {
                "name": "unselectedAllClickHandler",
                "decl": { "start": { "line": 16, "column": 38 }, "end": { "line": 18, "column": 6 } },
                "loc": { "start": { "line": 16, "column": 38 }, "end": { "line": 18, "column": 6 } },
                "line": 16
            },
            "2": {
                "name": "covertToCSVFormat",
                "decl": { "start": { "line": 20, "column": 30 }, "end": { "line": 30, "column": 6 } },
                "loc": { "start": { "line": 20, "column": 30 }, "end": { "line": 30, "column": 6 } },
                "line": 20
            }
        },
        "f": { "0": 2, "1": 1, "2": 2 }
    },
    "C:\\Users\\Asus\\Desktop\\react\\rss-react\\src\\components\\router\\router.tsx": {
        "path": "C:\\Users\\Asus\\Desktop\\react\\rss-react\\src\\components\\router\\router.tsx",
        "all": false,
        "statementMap": {
            "0": { "start": { "line": 1, "column": 0 }, "end": { "line": 1, "column": 40 } },
            "1": { "start": { "line": 2, "column": 0 }, "end": { "line": 2, "column": 55 } },
            "2": { "start": { "line": 3, "column": 0 }, "end": { "line": 3, "column": 64 } },
            "3": { "start": { "line": 4, "column": 0 }, "end": { "line": 4, "column": 58 } },
            "4": { "start": { "line": 5, "column": 0 }, "end": { "line": 5, "column": 50 } },
            "6": { "start": { "line": 7, "column": 0 }, "end": { "line": 7, "column": 36 } },
            "7": { "start": { "line": 8, "column": 0 }, "end": { "line": 8, "column": 5 } },
            "8": { "start": { "line": 9, "column": 0 }, "end": { "line": 9, "column": 18 } },
            "9": { "start": { "line": 10, "column": 0 }, "end": { "line": 10, "column": 51 } },
            "10": { "start": { "line": 11, "column": 0 }, "end": { "line": 11, "column": 39 } },
            "11": { "start": { "line": 12, "column": 0 }, "end": { "line": 12, "column": 6 } },
            "12": { "start": { "line": 13, "column": 0 }, "end": { "line": 13, "column": 5 } },
            "13": { "start": { "line": 14, "column": 0 }, "end": { "line": 14, "column": 30 } },
            "14": { "start": { "line": 15, "column": 0 }, "end": { "line": 15, "column": 32 } },
            "15": { "start": { "line": 16, "column": 0 }, "end": { "line": 16, "column": 39 } },
            "16": { "start": { "line": 17, "column": 0 }, "end": { "line": 17, "column": 19 } },
            "17": { "start": { "line": 18, "column": 0 }, "end": { "line": 18, "column": 13 } },
            "18": { "start": { "line": 19, "column": 0 }, "end": { "line": 19, "column": 25 } },
            "19": { "start": { "line": 20, "column": 0 }, "end": { "line": 20, "column": 40 } },
            "20": { "start": { "line": 21, "column": 0 }, "end": { "line": 21, "column": 47 } },
            "21": { "start": { "line": 22, "column": 0 }, "end": { "line": 22, "column": 14 } },
            "22": { "start": { "line": 23, "column": 0 }, "end": { "line": 23, "column": 10 } },
            "23": { "start": { "line": 24, "column": 0 }, "end": { "line": 24, "column": 6 } },
            "24": { "start": { "line": 25, "column": 0 }, "end": { "line": 25, "column": 3 } },
            "26": { "start": { "line": 27, "column": 0 }, "end": { "line": 27, "column": 22 } }
        },
        "s": {
            "0": 1,
            "1": 1,
            "2": 1,
            "3": 1,
            "4": 1,
            "6": 1,
            "7": 1,
            "8": 1,
            "9": 1,
            "10": 1,
            "11": 1,
            "12": 1,
            "13": 1,
            "14": 1,
            "15": 1,
            "16": 1,
            "17": 1,
            "18": 1,
            "19": 1,
            "20": 1,
            "21": 1,
            "22": 1,
            "23": 1,
            "24": 1,
            "26": 1
        },
        "branchMap": {},
        "b": {},
        "fnMap": {},
        "f": {}
    },
    "C:\\Users\\Asus\\Desktop\\react\\rss-react\\src\\services\\types.ts": {
        "path": "C:\\Users\\Asus\\Desktop\\react\\rss-react\\src\\services\\types.ts",
        "all": false,
        "statementMap": { "45": { "start": { "line": 46, "column": 0 }, "end": { "line": 46, "column": 32 } } },
        "s": { "45": 1 },
        "branchMap": {},
        "b": {},
        "fnMap": {},
        "f": {}
    },
    "C:\\Users\\Asus\\Desktop\\react\\rss-react\\src\\services\\api\\animalsApi.ts": {
        "path": "C:\\Users\\Asus\\Desktop\\react\\rss-react\\src\\services\\api\\animalsApi.ts",
        "all": false,
        "statementMap": {
            "0": { "start": { "line": 1, "column": 0 }, "end": { "line": 1, "column": 73 } },
            "3": { "start": { "line": 4, "column": 0 }, "end": { "line": 4, "column": 37 } },
            "4": { "start": { "line": 5, "column": 0 }, "end": { "line": 5, "column": 30 } },
            "5": { "start": { "line": 6, "column": 0 }, "end": { "line": 6, "column": 75 } },
            "6": { "start": { "line": 7, "column": 0 }, "end": { "line": 7, "column": 30 } },
            "7": { "start": { "line": 8, "column": 0 }, "end": { "line": 8, "column": 68 } },
            "8": { "start": { "line": 9, "column": 0 }, "end": { "line": 9, "column": 47 } },
[...]
            "42": { "start": { "line": 43, "column": 0 }, "end": { "line": 43, "column": 28 } },
            "43": { "start": { "line": 44, "column": 0 }, "end": { "line": 44, "column": 53 } },
            "44": { "start": { "line": 45, "column": 0 }, "end": { "line": 45, "column": 10 } },
            "45": { "start": { "line": 46, "column": 0 }, "end": { "line": 46, "column": 6 } },
            "46": { "start": { "line": 47, "column": 0 }, "end": { "line": 47, "column": 3 } },
            "48": { "start": { "line": 49, "column": 0 }, "end": { "line": 49, "column": 14 } },
            "49": { "start": { "line": 50, "column": 0 }, "end": { "line": 50, "column": 22 } },
            "50": { "start": { "line": 51, "column": 0 }, "end": { "line": 51, "column": 18 } },
            "51": { "start": { "line": 52, "column": 0 }, "end": { "line": 52, "column": 28 } },
            "52": { "start": { "line": 53, "column": 0 }, "end": { "line": 53, "column": 23 } },
            "53": { "start": { "line": 54, "column": 0 }, "end": { "line": 54, "column": 20 } },
            "54": { "start": { "line": 55, "column": 0 }, "end": { "line": 55, "column": 16 } },
            "55": { "start": { "line": 56, "column": 0 }, "end": { "line": 56, "column": 25 } },
            "57": { "start": { "line": 58, "column": 0 }, "end": { "line": 58, "column": 36 } }
        },
        "s": {
            "0": 1,
            "2": 1,
            "12": 1,
            "13": 1,
            "14": 1,
            "15": 1,
            "16": 1,
            "17": 1,
            "18": 1,
            "20": 1,
            "21": 1,
            "22": 1,
            "23": 1,
            "24": 1,
            "25": 6,
            "26": 6,
            "27": 1,
            "28": 4,
            "29": 4,
            "30": 1,
            "31": 4,
            "32": 4,
            "33": 1,
            "34": 2,
            "35": 2,
            "36": 2,
            "37": 2,
            "38": 2,
            "39": 1,
            "40": 4,
            "41": 4,
            "42": 1,
            "43": 2,
            "44": 2,
            "45": 1,
            "46": 1,
            "48": 1,
            "49": 1,
            "50": 1,
            "51": 1,
            "52": 1,
            "53": 1,
            "54": 1,
            "55": 1,
            "57": 1
        },
        "branchMap": {
            "0": {
                "type": "branch",
                "line": 25,
                "loc": { "start": { "line": 25, "column": 8 }, "end": { "line": 27, "column": 10 } },
                "locations": [{ "start": { "line": 25, "column": 8 }, "end": { "line": 27, "column": 10 } }]
            },
            "1": {
                "type": "branch",
                "line": 28,
                "loc": { "start": { "line": 28, "column": 8 }, "end": { "line": 30, "column": 10 } },
                "locations": [{ "start": { "line": 28, "column": 8 }, "end": { "line": 30, "column": 10 } }]
            },
            "2": {
                "type": "branch",
                "line": 31,
                "loc": { "start": { "line": 31, "column": 8 }, "end": { "line": 33, "column": 10 } },
                "locations": [{ "start": { "line": 31, "column": 8 }, "end": { "line": 33, "column": 10 } }]
            },
            "3": {
                "type": "branch",
                "line": 34,
                "loc": { "start": { "line": 34, "column": 8 }, "end": { "line": 39, "column": 10 } },
                "locations": [{ "start": { "line": 34, "column": 8 }, "end": { "line": 39, "column": 10 } }]
            },
            "4": {
                "type": "branch",
                "line": 35,
                "loc": { "start": { "line": 35, "column": 70 }, "end": { "line": 35, "column": 109 } },
                "locations": [{ "start": { "line": 35, "column": 70 }, "end": { "line": 35, "column": 109 } }]
            },
            "5": {
                "type": "branch",
                "line": 40,
                "loc": { "start": { "line": 40, "column": 8 }, "end": { "line": 42, "column": 10 } },
                "locations": [{ "start": { "line": 40, "column": 8 }, "end": { "line": 42, "column": 10 } }]
            },
            "6": {
                "type": "branch",
                "line": 43,
                "loc": { "start": { "line": 43, "column": 8 }, "end": { "line": 45, "column": 10 } },
                "locations": [{ "start": { "line": 43, "column": 8 }, "end": { "line": 45, "column": 10 } }]
            }
        },
        "b": { "0": [6], "1": [4], "2": [4], "3": [2], "4": [2], "5": [4], "6": [2] },
        "fnMap": {
            "0": {
                "name": "updateSearchQuery",
                "decl": { "start": { "line": 25, "column": 8 }, "end": { "line": 27, "column": 10 } },
                "loc": { "start": { "line": 25, "column": 8 }, "end": { "line": 27, "column": 10 } },
                "line": 25
            },
            "1": {
                "name": "updateAnimals",
                "decl": { "start": { "line": 28, "column": 8 }, "end": { "line": 30, "column": 10 } },
                "loc": { "start": { "line": 28, "column": 8 }, "end": { "line": 30, "column": 10 } },
                "line": 28
            },
            "2": {
                "name": "updateCurrentCardDetail",
                "decl": { "start": { "line": 31, "column": 8 }, "end": { "line": 33, "column": 10 } },
                "loc": { "start": { "line": 31, "column": 8 }, "end": { "line": 33, "column": 10 } },
                "line": 31
            },
            "3": {
                "name": "removeSelectedCard",
                "decl": { "start": { "line": 34, "column": 8 }, "end": { "line": 39, "column": 10 } },
                "loc": { "start": { "line": 34, "column": 8 }, "end": { "line": 39, "column": 10 } },
                "line": 34
            },
            "4": {
                "name": "addSelectedCard",
                "decl": { "start": { "line": 40, "column": 8 }, "end": { "line": 42, "column": 10 } },
                "loc": { "start": { "line": 40, "column": 8 }, "end": { "line": 42, "column": 10 } },
                "line": 40
            },
            "5": {
                "name": "unselectAll",
                "decl": { "start": { "line": 43, "column": 8 }, "end": { "line": 45, "column": 10 } },
                "loc": { "start": { "line": 43, "column": 8 }, "end": { "line": 45, "column": 10 } },
                "line": 43
            }
        },
        "f": { "0": 6, "1": 4, "2": 4, "3": 2, "4": 4, "5": 2 }
    },
    "C:\\Users\\Asus\\Desktop\\react\\rss-react\\src\\store\\store.ts": {
        "path": "C:\\Users\\Asus\\Desktop\\react\\rss-react\\src\\store\\store.ts",
        "all": false,
        "statementMap": {
            "0": { "start": { "line": 1, "column": 0 }, "end": { "line": 1, "column": 50 } },
            "1": { "start": { "line": 2, "column": 0 }, "end": { "line": 2, "column": 56 } },
            "2": { "start": { "line": 3, "column": 0 }, "end": { "line": 3, "column": 63 } },
            "4": { "start": { "line": 5, "column": 0 }, "end": { "line": 5, "column": 30 } },
            "5": { "start": { "line": 6, "column": 0 }, "end": { "line": 6, "column": 14 } },
            "6": { "start": { "line": 7, "column": 0 }, "end": { "line": 7, "column": 53 } },
            "7": { "start": { "line": 8, "column": 0 }, "end": { "line": 8, "column": 32 } },
            "8": { "start": { "line": 9, "column": 0 }, "end": { "line": 9, "column": 6 } },
            "9": { "start": { "line": 10, "column": 0 }, "end": { "line": 10, "column": 95 } },
            "10": { "start": { "line": 11, "column": 0 }, "end": { "line": 11, "column": 3 } },
            "14": { "start": { "line": 15, "column": 0 }, "end": { "line": 15, "column": 21 } }
        },
        "s": { "0": 1, "1": 1, "2": 1, "4": 1, "5": 1, "6": 1, "7": 1, "8": 1, "9": 1, "10": 1, "14": 1 },
        "branchMap": {
            "0": {
                "type": "branch",
                "line": 10,
                "loc": { "start": { "line": 10, "column": 16 }, "end": { "line": 10, "column": 95 } },
                "locations": [{ "start": { "line": 10, "column": 16 }, "end": { "line": 10, "column": 95 } }]
            }
        },
        "b": { "0": [2] },
        "fnMap": {
            "0": {
                "name": "middleware",
                "decl": { "start": { "line": 10, "column": 16 }, "end": { "line": 10, "column": 95 } },
                "loc": { "start": { "line": 10, "column": 16 }, "end": { "line": 10, "column": 95 } },
                "line": 10
            }
        },
        "f": { "0": 2 }
    },
    "C:\\Users\\Asus\\Desktop\\react\\rss-react\\src\\utils\\constants.ts": {
        "path": "C:\\Users\\Asus\\Desktop\\react\\rss-react\\src\\utils\\constants.ts",
        "all": false,
        "statementMap": {
            "0": { "start": { "line": 1, "column": 0 }, "end": { "line": 1, "column": 38 } },
            "3": { "start": { "line": 4, "column": 0 }, "end": { "line": 4, "column": 26 } },
            "4": { "start": { "line": 5, "column": 0 }, "end": { "line": 5, "column": 22 } },
            "7": { "start": { "line": 8, "column": 0 }, "end": { "line": 8, "column": 83 } },
            "9": { "start": { "line": 10, "column": 0 }, "end": { "line": 10, "column": 39 } },
            "10": { "start": { "line": 11, "column": 0 }, "end": { "line": 11, "column": 18 } },
            "11": { "start": { "line": 12, "column": 0 }, "end": { "line": 12, "column": 16 } },
            "12": { "start": { "line": 13, "column": 0 }, "end": { "line": 13, "column": 24 } },
            "13": { "start": { "line": 14, "column": 0 }, "end": { "line": 14, "column": 21 } },
            "14": { "start": { "line": 15, "column": 0 }, "end": { "line": 15, "column": 18 } },
            "15": { "start": { "line": 16, "column": 0 }, "end": { "line": 16, "column": 20 } },
            "16": { "start": { "line": 17, "column": 0 }, "end": { "line": 17, "column": 19 } },
            "17": { "start": { "line": 18, "column": 0 }, "end": { "line": 18, "column": 2 } },
            "19": { "start": { "line": 20, "column": 0 }, "end": { "line": 20, "column": 26 } },
            "20": { "start": { "line": 21, "column": 0 }, "end": { "line": 21, "column": 20 } },
            "21": { "start": { "line": 22, "column": 0 }, "end": { "line": 22, "column": 18 } },
            "24": { "start": { "line": 25, "column": 0 }, "end": { "line": 25, "column": 76 } }
        },
        "s": {
            "0": 1,
            "3": 1,
            "4": 1,
            "7": 1,
            "9": 1,
            "10": 1,
            "11": 1,
            "12": 1,
            "13": 1,
            "14": 1,
            "15": 1,
            "16": 1,
            "17": 1,
            "19": 1,
            "20": 1,
            "21": 1,
            "24": 1
        },
        "branchMap": {
            "0": {
                "type": "branch",
                "line": 4,
                "loc": { "start": { "line": 4, "column": 7 }, "end": { "line": 4, "column": 26 } },
                "locations": [{ "start": { "line": 4, "column": 7 }, "end": { "line": 4, "column": 26 } }]
            },
            "1": {
                "type": "branch",
                "line": 8,
                "loc": { "start": { "line": 8, "column": 30 }, "end": { "line": 8, "column": 83 } },
                "locations": [{ "start": { "line": 8, "column": 30 }, "end": { "line": 8, "column": 83 } }]
            },
            "2": {
                "type": "branch",
                "line": 8,
                "loc": { "start": { "line": 8, "column": 56 }, "end": { "line": 8, "column": 77 } },
                "locations": [{ "start": { "line": 8, "column": 56 }, "end": { "line": 8, "column": 77 } }]
            },
            "3": {
                "type": "branch",
                "line": 8,
                "loc": { "start": { "line": 8, "column": 69 }, "end": { "line": 8, "column": 83 } },
                "locations": [{ "start": { "line": 8, "column": 69 }, "end": { "line": 8, "column": 83 } }]
            },
            "4": {
                "type": "branch",
                "line": 20,
                "loc": { "start": { "line": 20, "column": 7 }, "end": { "line": 20, "column": 26 } },
                "locations": [{ "start": { "line": 20, "column": 7 }, "end": { "line": 20, "column": 26 } }]
            }
        },
        "b": { "0": [11], "1": [15], "2": [9], "3": [6], "4": [11] },
        "fnMap": {
            "0": {
                "name": "getFieldStatus",
                "decl": { "start": { "line": 8, "column": 30 }, "end": { "line": 8, "column": 83 } },
                "loc": { "start": { "line": 8, "column": 30 }, "end": { "line": 8, "column": 83 } },
                "line": 8
            }
        },
        "f": { "0": 15 }
    },
    "C:\\Users\\Asus\\Desktop\\react\\rss-react\\src\\utils\\hooks\\useSearchQueryRestore.tsx": {
        "path": "C:\\Users\\Asus\\Desktop\\react\\rss-react\\src\\utils\\hooks\\useSearchQueryRestore.tsx",
        "all": false,
        "statementMap": {
            "0": { "start": { "line": 1, "column": 0 }, "end": { "line": 1, "column": 65 } },
            "2": { "start": { "line": 3, "column": 0 }, "end": { "line": 3, "column": 49 } },
            "3": { "start": { "line": 4, "column": 0 }, "end": { "line": 4, "column": 46 } },
            "4": { "start": { "line": 5, "column": 0 }, "end": { "line": 5, "column": 57 } },
            "5": { "start": { "line": 6, "column": 0 }, "end": { "line": 6, "column": 6 } },
            "7": { "start": { "line": 8, "column": 0 }, "end": { "line": 8, "column": 77 } },
            "8": { "start": { "line": 9, "column": 0 }, "end": { "line": 9, "column": 79 } },
            "9": { "start": { "line": 10, "column": 0 }, "end": { "line": 10, "column": 47 } },
            "11": { "start": { "line": 12, "column": 0 }, "end": { "line": 12, "column": 73 } },
            "12": { "start": { "line": 13, "column": 0 }, "end": { "line": 13, "column": 49 } },
            "13": { "start": { "line": 14, "column": 0 }, "end": { "line": 14, "column": 6 } },
            "15": { "start": { "line": 16, "column": 0 }, "end": { "line": 16, "column": 35 } },
            "16": { "start": { "line": 17, "column": 0 }, "end": { "line": 17, "column": 44 } },
            "17": { "start": { "line": 18, "column": 0 }, "end": { "line": 18, "column": 35 } },
            "18": { "start": { "line": 19, "column": 0 }, "end": { "line": 19, "column": 6 } },
            "20": { "start": { "line": 21, "column": 0 }, "end": { "line": 21, "column": 21 } },
            "21": { "start": { "line": 22, "column": 0 }, "end": { "line": 22, "column": 22 } },
            "22": { "start": { "line": 23, "column": 0 }, "end": { "line": 23, "column": 72 } },
            "23": { "start": { "line": 24, "column": 0 }, "end": { "line": 24, "column": 10 } },
            "24": { "start": { "line": 25, "column": 0 }, "end": { "line": 25, "column": 11 } },
            "26": { "start": { "line": 27, "column": 0 }, "end": { "line": 27, "column": 12 } },
            "27": { "start": { "line": 28, "column": 0 }, "end": { "line": 28, "column": 19 } },
            "28": { "start": { "line": 29, "column": 0 }, "end": { "line": 29, "column": 20 } },
            "29": { "start": { "line": 30, "column": 0 }, "end": { "line": 30, "column": 24 } },
            "30": { "start": { "line": 31, "column": 0 }, "end": { "line": 31, "column": 26 } },
            "31": { "start": { "line": 32, "column": 0 }, "end": { "line": 32, "column": 6 } },
            "32": { "start": { "line": 33, "column": 0 }, "end": { "line": 33, "column": 1 } }
        },
        "s": {
            "0": 1,
            "2": 21,
            "3": 21,
            "4": 14,
            "5": 14,
            "7": 21,
            "8": 21,
            "9": 21,
            "11": 21,
            "12": 3,
            "13": 3,
            "15": 21,
            "16": 6,
            "17": 6,
            "18": 6,
            "20": 21,
            "21": 7,
            "22": 7,
            "23": 7,
            "24": 21,
            "26": 21,
            "27": 21,
            "28": 21,
            "29": 21,
            "30": 21,
            "31": 21,
            "32": 21
        },
        "branchMap": {
            "0": {
                "type": "branch",
                "line": 3,
                "loc": { "start": { "line": 3, "column": 0 }, "end": { "line": 33, "column": 1 } },
                "locations": [{ "start": { "line": 3, "column": 0 }, "end": { "line": 33, "column": 1 } }]
            },
            "1": {
                "type": "branch",
                "line": 4,
                "loc": { "start": { "line": 4, "column": 39 }, "end": { "line": 6, "column": 6 } },
                "locations": [{ "start": { "line": 4, "column": 39 }, "end": { "line": 6, "column": 6 } }]
            },
            "2": {
                "type": "branch",
                "line": 5,
                "loc": { "start": { "line": 5, "column": 49 }, "end": { "line": 5, "column": 57 } },
                "locations": [{ "start": { "line": 5, "column": 49 }, "end": { "line": 5, "column": 57 } }]
            },
            "3": {
                "type": "branch",
                "line": 12,
                "loc": { "start": { "line": 12, "column": 30 }, "end": { "line": 14, "column": 6 } },
                "locations": [{ "start": { "line": 12, "column": 30 }, "end": { "line": 14, "column": 6 } }]
            },
            "4": {
                "type": "branch",
                "line": 16,
                "loc": { "start": { "line": 16, "column": 28 }, "end": { "line": 19, "column": 6 } },
                "locations": [{ "start": { "line": 16, "column": 28 }, "end": { "line": 19, "column": 6 } }]
            },
            "5": {
                "type": "branch",
                "line": 21,
                "loc": { "start": { "line": 21, "column": 14 }, "end": { "line": 25, "column": 7 } },
                "locations": [{ "start": { "line": 21, "column": 14 }, "end": { "line": 25, "column": 7 } }]
            },
            "6": {
                "type": "branch",
                "line": 22,
                "loc": { "start": { "line": 22, "column": 15 }, "end": { "line": 24, "column": 10 } },
                "locations": [{ "start": { "line": 22, "column": 15 }, "end": { "line": 24, "column": 10 } }]
            }
        },
        "b": { "0": [21], "1": [14], "2": [12], "3": [3], "4": [6], "5": [7], "6": [7] },
        "fnMap": {
            "0": {
                "name": "useSearchQueryRestore",
                "decl": { "start": { "line": 3, "column": 0 }, "end": { "line": 33, "column": 1 } },
                "loc": { "start": { "line": 3, "column": 0 }, "end": { "line": 33, "column": 1 } },
                "line": 3
            },
            "1": {
                "name": "getLocalStorageSearchQuery",
                "decl": { "start": { "line": 4, "column": 39 }, "end": { "line": 6, "column": 6 } },
                "loc": { "start": { "line": 4, "column": 39 }, "end": { "line": 6, "column": 6 } },
                "line": 4
            },
            "2": {
                "name": "handleChangeInput",
                "decl": { "start": { "line": 12, "column": 30 }, "end": { "line": 14, "column": 6 } },
                "loc": { "start": { "line": 12, "column": 30 }, "end": { "line": 14, "column": 6 } },
                "line": 12
            },
            "3": {
                "name": "setSearchValues",
                "decl": { "start": { "line": 16, "column": 28 }, "end": { "line": 19, "column": 6 } },
                "loc": { "start": { "line": 16, "column": 28 }, "end": { "line": 19, "column": 6 } },
                "line": 16
            }
        },
        "f": { "0": 21, "1": 14, "2": 3, "3": 6 }
    }
}
